TN:
SF:app/controllers/article.js
FN:8,getArticles
FN:11,(anonymous_1)
FN:21,postArticle
FN:30,(anonymous_3)
FN:43,getArticle
FN:44,(anonymous_5)
FN:54,deleteArticle
FN:55,(anonymous_7)
FN:63,updateArticle
FN:64,(anonymous_9)
FN:66,(anonymous_10)
FNF:11
FNH:11
FNDA:1,getArticles
FNDA:1,(anonymous_1)
FNDA:2,postArticle
FNDA:2,(anonymous_3)
FNDA:1,getArticle
FNDA:1,(anonymous_5)
FNDA:1,deleteArticle
FNDA:1,(anonymous_7)
FNDA:1,updateArticle
FNDA:1,(anonymous_9)
FNDA:1,(anonymous_10)
DA:1,1
DA:2,1
DA:10,1
DA:11,1
DA:14,1
DA:23,2
DA:30,2
DA:31,2
DA:32,1
DA:35,1
DA:44,1
DA:47,1
DA:55,1
DA:56,1
DA:64,1
DA:66,1
DA:68,1
DA:74,1
LF:18
LH:18
BRDA:31,0,0,1
BRDA:31,0,1,1
BRF:2
BRH:2
end_of_record
TN:
SF:app/controllers/comment.js
FN:8,getComments
FN:11,(anonymous_1)
FN:21,postComment
FN:30,(anonymous_3)
FN:43,getComment
FN:44,(anonymous_5)
FN:54,deleteComment
FN:55,(anonymous_7)
FN:63,updateComment
FN:64,(anonymous_9)
FN:66,(anonymous_10)
FNF:11
FNH:11
FNDA:1,getComments
FNDA:1,(anonymous_1)
FNDA:2,postComment
FNDA:2,(anonymous_3)
FNDA:1,getComment
FNDA:1,(anonymous_5)
FNDA:1,deleteComment
FNDA:1,(anonymous_7)
FNDA:1,updateComment
FNDA:1,(anonymous_9)
FNDA:1,(anonymous_10)
DA:1,1
DA:2,1
DA:10,1
DA:11,1
DA:14,1
DA:23,2
DA:30,2
DA:31,2
DA:32,1
DA:35,1
DA:44,1
DA:47,1
DA:55,1
DA:56,1
DA:64,1
DA:66,1
DA:68,1
DA:74,1
LF:18
LH:18
BRDA:31,0,0,1
BRDA:31,0,1,1
BRF:2
BRH:2
end_of_record
TN:
SF:app/controllers/profession.js
FN:8,getProfessions
FN:11,(anonymous_1)
FN:21,postProfession
FN:30,(anonymous_3)
FN:43,getProfession
FN:44,(anonymous_5)
FN:54,deleteProfession
FN:55,(anonymous_7)
FN:63,updateProfession
FN:64,(anonymous_9)
FN:66,(anonymous_10)
FNF:11
FNH:11
FNDA:1,getProfessions
FNDA:1,(anonymous_1)
FNDA:2,postProfession
FNDA:2,(anonymous_3)
FNDA:1,getProfession
FNDA:1,(anonymous_5)
FNDA:1,deleteProfession
FNDA:1,(anonymous_7)
FNDA:1,updateProfession
FNDA:1,(anonymous_9)
FNDA:1,(anonymous_10)
DA:1,1
DA:2,1
DA:10,1
DA:11,1
DA:14,1
DA:23,2
DA:30,2
DA:31,2
DA:32,1
DA:35,1
DA:44,1
DA:47,1
DA:55,1
DA:56,1
DA:64,1
DA:66,1
DA:68,1
DA:74,1
LF:18
LH:18
BRDA:31,0,0,1
BRDA:31,0,1,1
BRF:2
BRH:2
end_of_record
TN:
SF:app/controllers/querie.js
FN:8,getQueries
FN:11,(anonymous_1)
FN:21,postQuerie
FN:30,(anonymous_3)
FN:43,getQuerie
FN:44,(anonymous_5)
FN:54,deleteQuerie
FN:55,(anonymous_7)
FN:63,updateQuerie
FN:64,(anonymous_9)
FN:66,(anonymous_10)
FNF:11
FNH:11
FNDA:1,getQueries
FNDA:1,(anonymous_1)
FNDA:2,postQuerie
FNDA:2,(anonymous_3)
FNDA:1,getQuerie
FNDA:1,(anonymous_5)
FNDA:1,deleteQuerie
FNDA:1,(anonymous_7)
FNDA:1,updateQuerie
FNDA:1,(anonymous_9)
FNDA:1,(anonymous_10)
DA:1,1
DA:2,1
DA:10,1
DA:11,1
DA:14,1
DA:23,2
DA:30,2
DA:31,2
DA:32,1
DA:35,1
DA:44,1
DA:47,1
DA:55,1
DA:56,1
DA:64,1
DA:66,1
DA:68,1
DA:74,1
LF:18
LH:18
BRDA:31,0,0,1
BRDA:31,0,1,1
BRF:2
BRH:2
end_of_record
TN:
SF:app/controllers/service.js
FN:8,getServices
FN:11,(anonymous_1)
FN:21,postService
FN:30,(anonymous_3)
FN:43,getService
FN:44,(anonymous_5)
FN:54,deleteService
FN:55,(anonymous_7)
FN:63,updateService
FN:64,(anonymous_9)
FN:66,(anonymous_10)
FNF:11
FNH:11
FNDA:1,getServices
FNDA:1,(anonymous_1)
FNDA:2,postService
FNDA:2,(anonymous_3)
FNDA:1,getService
FNDA:1,(anonymous_5)
FNDA:1,deleteService
FNDA:1,(anonymous_7)
FNDA:1,updateService
FNDA:1,(anonymous_9)
FNDA:1,(anonymous_10)
DA:1,1
DA:2,1
DA:10,1
DA:11,1
DA:14,1
DA:23,2
DA:30,2
DA:31,2
DA:32,1
DA:35,1
DA:44,1
DA:47,1
DA:55,1
DA:56,1
DA:64,1
DA:66,1
DA:68,1
DA:74,1
LF:18
LH:18
BRDA:31,0,0,1
BRDA:31,0,1,1
BRF:2
BRH:2
end_of_record
TN:
SF:app/controllers/skill.js
FN:8,getSkills
FN:11,(anonymous_1)
FN:21,postSkill
FN:30,(anonymous_3)
FN:43,getSkill
FN:44,(anonymous_5)
FN:54,deleteSkill
FN:55,(anonymous_7)
FN:63,updateSkill
FN:64,(anonymous_9)
FN:66,(anonymous_10)
FNF:11
FNH:9
FNDA:1,getSkills
FNDA:1,(anonymous_1)
FNDA:2,postSkill
FNDA:2,(anonymous_3)
FNDA:1,getSkill
FNDA:1,(anonymous_5)
FNDA:1,deleteSkill
FNDA:1,(anonymous_7)
FNDA:1,updateSkill
FNDA:0,(anonymous_9)
FNDA:0,(anonymous_10)
DA:1,1
DA:2,1
DA:10,1
DA:11,1
DA:14,1
DA:23,2
DA:30,2
DA:31,2
DA:32,1
DA:35,1
DA:44,1
DA:47,1
DA:55,1
DA:56,1
DA:64,1
DA:66,0
DA:68,0
DA:74,1
LF:18
LH:16
BRDA:31,0,0,1
BRDA:31,0,1,1
BRF:2
BRH:2
end_of_record
TN:
SF:app/controllers/user.js
FN:18,user_signup
FN:49,(anonymous_1)
FN:59,(anonymous_2)
FN:75,(anonymous_3)
FN:82,(anonymous_4)
FN:98,user_login
FN:124,(anonymous_6)
FN:132,(anonymous_7)
FN:170,user_delete
FN:171,(anonymous_9)
FNF:10
FNH:9
FNDA:5,user_signup
FNDA:3,(anonymous_1)
FNDA:2,(anonymous_2)
FNDA:2,(anonymous_3)
FNDA:0,(anonymous_4)
FNDA:6,user_login
FNDA:4,(anonymous_6)
FNDA:3,(anonymous_7)
FNDA:1,user_delete
FNDA:1,(anonymous_9)
DA:7,1
DA:10,1
DA:13,1
DA:16,1
DA:20,5
DA:21,5
DA:28,5
DA:30,1
DA:31,1
DA:33,5
DA:35,1
DA:36,1
DA:39,5
DA:41,2
DA:49,3
DA:50,3
DA:52,1
DA:53,1
DA:59,2
DA:60,2
DA:62,0
DA:65,0
DA:69,2
DA:75,2
DA:77,2
DA:84,0
DA:87,0
DA:101,6
DA:102,6
DA:105,6
DA:106,1
DA:107,1
DA:109,6
DA:110,1
DA:111,1
DA:114,6
DA:116,2
DA:124,4
DA:125,4
DA:127,1
DA:132,3
DA:133,3
DA:135,0
DA:139,3
DA:141,1
DA:146,2
DA:156,2
DA:171,1
DA:172,1
DA:178,1
LF:50
LH:45
BRDA:28,0,0,1
BRDA:28,0,1,4
BRDA:33,1,0,1
BRDA:33,1,1,4
BRDA:39,2,0,2
BRDA:39,2,1,3
BRDA:50,3,0,1
BRDA:50,3,1,2
BRDA:60,4,0,0
BRDA:60,4,1,2
BRDA:105,5,0,1
BRDA:105,5,1,5
BRDA:109,6,0,1
BRDA:109,6,1,5
BRDA:114,7,0,2
BRDA:114,7,1,4
BRDA:125,8,0,1
BRDA:125,8,1,3
BRDA:133,9,0,0
BRDA:133,9,1,3
BRDA:139,10,0,1
BRDA:139,10,1,2
BRF:22
BRH:20
end_of_record
TN:
SF:app/middleware/check-auth.js
FN:4,(anonymous_0)
FNF:1
FNH:1
FNDA:31,(anonymous_0)
DA:1,1
DA:2,1
DA:4,1
DA:5,31
DA:6,31
DA:7,31
DA:8,31
DA:9,31
DA:11,0
LF:9
LH:8
BRF:0
BRH:0
end_of_record
TN:
SF:app/routes/article.js
FN:8,(anonymous_0)
FN:11,(anonymous_1)
FN:16,(anonymous_2)
FNF:3
FNH:3
FNDA:2,(anonymous_0)
FNDA:2,(anonymous_1)
FNDA:2,(anonymous_2)
DA:1,1
DA:2,1
DA:3,1
DA:4,1
DA:5,1
DA:7,1
DA:9,2
DA:12,2
DA:16,1
DA:18,2
DA:19,2
DA:21,0
DA:25,1
DA:33,1
DA:35,1
DA:37,1
DA:39,1
DA:41,1
DA:44,1
LF:19
LH:18
BRDA:18,0,0,2
BRDA:18,0,1,0
BRDA:18,1,0,2
BRDA:18,1,1,2
BRF:4
BRH:3
end_of_record
TN:
SF:app/routes/comment.js
FNF:0
FNH:0
DA:1,1
DA:2,1
DA:3,1
DA:4,1
DA:8,1
DA:10,1
DA:12,1
DA:14,1
DA:16,1
DA:19,1
LF:10
LH:10
BRF:0
BRH:0
end_of_record
TN:
SF:app/routes/profession.js
FN:8,(anonymous_0)
FN:11,(anonymous_1)
FN:16,(anonymous_2)
FNF:3
FNH:3
FNDA:2,(anonymous_0)
FNDA:2,(anonymous_1)
FNDA:2,(anonymous_2)
DA:1,1
DA:2,1
DA:3,1
DA:4,1
DA:5,1
DA:7,1
DA:9,2
DA:12,2
DA:16,1
DA:18,2
DA:19,2
DA:21,0
DA:25,1
DA:33,1
DA:35,1
DA:37,1
DA:39,1
DA:41,1
DA:44,1
LF:19
LH:18
BRDA:18,0,0,2
BRDA:18,0,1,0
BRDA:18,1,0,2
BRDA:18,1,1,2
BRF:4
BRH:3
end_of_record
TN:
SF:app/routes/querie.js
FNF:0
FNH:0
DA:1,1
DA:2,1
DA:3,1
DA:4,1
DA:8,1
DA:10,1
DA:12,1
DA:14,1
DA:16,1
DA:19,1
LF:10
LH:10
BRF:0
BRH:0
end_of_record
TN:
SF:app/routes/service.js
FN:8,(anonymous_0)
FN:11,(anonymous_1)
FN:16,(anonymous_2)
FNF:3
FNH:3
FNDA:2,(anonymous_0)
FNDA:2,(anonymous_1)
FNDA:2,(anonymous_2)
DA:1,1
DA:2,1
DA:3,1
DA:4,1
DA:5,1
DA:7,1
DA:9,2
DA:12,2
DA:16,1
DA:18,2
DA:19,2
DA:21,0
DA:25,1
DA:33,1
DA:35,1
DA:37,1
DA:39,1
DA:41,1
DA:44,1
LF:19
LH:18
BRDA:18,0,0,2
BRDA:18,0,1,0
BRDA:18,1,0,2
BRDA:18,1,1,2
BRF:4
BRH:3
end_of_record
TN:
SF:app/routes/skill.js
FN:8,(anonymous_0)
FN:11,(anonymous_1)
FN:16,(anonymous_2)
FNF:3
FNH:3
FNDA:2,(anonymous_0)
FNDA:2,(anonymous_1)
FNDA:2,(anonymous_2)
DA:1,1
DA:2,1
DA:3,1
DA:4,1
DA:5,1
DA:7,1
DA:9,2
DA:12,2
DA:16,1
DA:18,2
DA:19,2
DA:21,0
DA:25,1
DA:33,1
DA:35,1
DA:37,1
DA:39,1
DA:41,1
DA:44,1
LF:19
LH:18
BRDA:18,0,0,2
BRDA:18,0,1,0
BRDA:18,1,0,2
BRDA:18,1,1,2
BRF:4
BRH:3
end_of_record
TN:
SF:app/routes/user.js
FNF:0
FNH:0
DA:1,1
DA:2,1
DA:3,1
DA:4,1
DA:8,1
DA:10,1
DA:12,1
DA:15,1
LF:8
LH:8
BRF:0
BRH:0
end_of_record
